INFO:sim:172 - Generating IP...
Resolving generics for 'ramm'...
Applying external generics to 'ramm'...
Delivering associated files for 'ramm'...
Delivering EJava files for 'ramm'...
Generating implementation netlist for 'ramm'...
INFO:sim - Pre-processing HDL files for 'ramm'...
Running synthesis for 'ramm'
Running ngcbuild...
Writing VEO instantiation template for 'ramm'...
Writing Verilog behavioral simulation model for 'ramm'...
WARNING:sim - Overwriting existing file
   C:/Users/Mehmet/Desktop/2014-2015-Spring/EEE
   495/lateDemo/ipcore_dir/tmp/_cg/ramm/doc/blk_mem_gen_v7_3_vinfo.html with
   file from view xilinx_documentation
Delivered 1 file into directory C:/Users/Mehmet/Desktop/2014-2015-Spring/EEE
495/lateDemo/ipcore_dir/tmp/_cg/ramm
Generating ASY schematic symbol...
INFO:sim:949 - Finished generation of ASY schematic symbol.
Generating SYM schematic symbol for 'ramm'...
Generating metadata file...
Generating ISE project file for 'ramm'...
Generating ISE project...
XCO file found: ramm.xco
XMDF file found: ramm_xmdf.tcl
Adding C:/Users/Mehmet/Desktop/2014-2015-Spring/EEE
495/lateDemo/ipcore_dir/tmp/_cg/ramm.asy -view all -origin_type imported
Adding C:/Users/Mehmet/Desktop/2014-2015-Spring/EEE
495/lateDemo/ipcore_dir/tmp/_cg/ramm.ngc -view all -origin_type created
Checking file "C:/Users/Mehmet/Desktop/2014-2015-Spring/EEE
495/lateDemo/ipcore_dir/tmp/_cg/ramm.ngc" for project device match ...
File "C:/Users/Mehmet/Desktop/2014-2015-Spring/EEE
495/lateDemo/ipcore_dir/tmp/_cg/ramm.ngc" device information matches project
device.
Adding C:/Users/Mehmet/Desktop/2014-2015-Spring/EEE
495/lateDemo/ipcore_dir/tmp/_cg/ramm.sym -view all -origin_type imported
Adding C:/Users/Mehmet/Desktop/2014-2015-Spring/EEE
495/lateDemo/ipcore_dir/tmp/_cg/ramm.v -view all -origin_type created
INFO:HDLCompiler:1845 - Analyzing Verilog file
   "C:/Users/Mehmet/Desktop/2014-2015-Spring/EEE
   495/lateDemo/ipcore_dir/tmp/_cg/ramm.v" into library work
INFO:ProjectMgmt - Parsing design hierarchy completed successfully.
Adding C:/Users/Mehmet/Desktop/2014-2015-Spring/EEE
495/lateDemo/ipcore_dir/tmp/_cg/ramm.veo -view all -origin_type imported
INFO:TclTasksC:2116 - The automatic calculation of top has been turned-off.
   Please set the new top explicitly by running the "project set top" command.
   To re-calculate the new top automatically, set the "Auto Implementation Top"
   property to true.
Top level has been set to "/ramm"
Generating README file...
Generating FLIST file...
INFO:sim:948 - Finished FLIST file generation.
Launching README viewer...
Moving files to output directory...
Finished moving files to output directory
Wrote CGP file for project 'ramm'.
